version: (200506)

available memory: 64M bytes
used memory: 81920 bytes [need 80K bytes if disable swap]

used block: 3 [memory(3) file(0)]
                 [ 8K(2) 64K(1) { total 80K bytes } ]
overhead: (9538) bytes for (3) blocks [Average: (3179) bytes/block]

write  => 0(times) 0K(bytes) [0K bytes to file]
read   => 1(times) 43K(bytes) [8K bytes compressed data from file]
access => 72645(times) 571M(bytes)
          [hit ratio: 99.9986%]

time: write(0) read(0)  unit: second

swap file directory: (/users/epfoad/Project/RISCV/ibex-master/verdiLog)
used swap file number: (1)



swap file manager:
arrSize: (256)
idxCnt: (3)
closeHead: (1)
closeTail: (2)
openCnt: (2)
fid(2): fd(34) fileName(/users/epfoad/Project/RISCV/ibex-master/verdiLog/_swap_0001#1149520699#1104386)
	size(0) lastModTime(0) curModTime(1674050326)
	mode(w+b)	hot(0) cool(1) pos(0)
fid(1): fd(1073741824) fileName(/users/epfoad/Project/RISCV/ibex-master/build/lowrisc_ibex_ibex_simple_system_0/sim-vcs/lowrisc_ibex_ibex_simple_system_0.daidir/kdb.elab++/work.lib++/ibex_simple_system.sv.tdc)
	size(13015) lastModTime(1674050308) curModTime(1674050308)
	mode(rb)	hot(2) cool(0) pos(0)
fid(0): fd(0) fileName(NULL)
	mode(NULL)	hot(0) cool(0) pos(0)
==================================================
mySelf(0x1974b490) pre(0x1806a6f0) next((nil))
version(200506)
date(Nov 14 2022 02:32:13)
